<?xml version="1.0" encoding="UTF-8"?>
<!-- Generated by org.testng.reporters.JUnitReportReporter -->
<testsuite skipped="0" hostname="Ashus-MacBook-Pro.local" name="APITests" tests="1" failures="0" timestamp="2021-11-13T15:01:38 IST" time="0.005" errors="0">
  <testcase name="test4" time="0.005" classname="APITests"/>
  <system-out/>
</testsuite> <!-- APITests -->
